[0mGET /static/css/app.fadb1592e108cb80770fe34a5659221d.css [36m304 [0m8.481 ms - -[0m
[0mGET /static/js/manifest.3ad1d5771e9b13dbdad2.js [36m304 [0m11.827 ms - -[0m
[0mGET /static/js/app.0b13ee2b055dbc7fa92f.js [36m304 [0m11.489 ms - -[0m
[0mGET /undefined [33m404 [0m414.121 ms - 160[0m
[0mGET /static/js/manifest.3ad1d5771e9b13dbdad2.js [32m200 [0m2.198 ms - 858[0m
[0mGET /static/js/app.0b13ee2b055dbc7fa92f.js [32m200 [0m3.925 ms - -[0m
[0mGET /static/css/app.fadb1592e108cb80770fe34a5659221d.css [32m200 [0m5.421 ms - -[0m
[0mGET / [36m304 [0m1.278 ms - -[0m
[0mGET /static/css/reset.css [36m304 [0m0.761 ms - -[0m
[0mGET /static/js/vendor.4d09085d5142b51dddc7.js [36m304 [0m0.910 ms - -[0m
[0mGET /undefined [33m404 [0m2.908 ms - 160[0m
[0mGET / [32m200 [0m2.462 ms - 641[0m
[0mGET /static/css/reset.css [32m200 [0m1.390 ms - -[0m
[0mGET /static/css/app.fadb1592e108cb80770fe34a5659221d.css [32m200 [0m1.194 ms - -[0m
[0mGET /static/js/manifest.3ad1d5771e9b13dbdad2.js [32m200 [0m0.844 ms - 858[0m
[0mGET /static/js/vendor.4d09085d5142b51dddc7.js [32m200 [0m1.090 ms - -[0m
[0mGET /static/js/app.0b13ee2b055dbc7fa92f.js [32m200 [0m0.837 ms - -[0m
[0mGET / [32m200 [0m2.711 ms - 641[0m
[0mGET /static/css/reset.css [32m200 [0m1.513 ms - -[0m
[0mGET /static/css/app.fadb1592e108cb80770fe34a5659221d.css [32m200 [0m1.083 ms - -[0m
[0mGET /static/js/manifest.3ad1d5771e9b13dbdad2.js [32m200 [0m0.760 ms - 858[0m
[0mGET /static/js/vendor.4d09085d5142b51dddc7.js [32m200 [0m1.305 ms - -[0m
[0mGET /static/js/app.0b13ee2b055dbc7fa92f.js [32m200 [0m1.344 ms - -[0m
[0mGET /static/img/icons.aef9bb0.png [32m200 [0m1.005 ms - 242087[0m
[0mGET / [36m304 [0m8.474 ms - -[0m
[0mGET /static/css/reset.css [36m304 [0m2.929 ms - -[0m
[0mGET /static/css/app.fadb1592e108cb80770fe34a5659221d.css [36m304 [0m2.515 ms - -[0m
[0mGET /static/js/manifest.3ad1d5771e9b13dbdad2.js [36m304 [0m0.622 ms - -[0m
[0mGET /static/js/vendor.4d09085d5142b51dddc7.js [36m304 [0m6.571 ms - -[0m
[0mGET /static/js/app.0b13ee2b055dbc7fa92f.js [36m304 [0m6.490 ms - -[0m
[0mGET /static/img/icons.aef9bb0.png [36m304 [0m10.905 ms - -[0m
[0mGET /undefined [33m404 [0m437.872 ms - 160[0m
[0mGET / [36m304 [0m0.879 ms - -[0m
[0mGET /static/css/reset.css [36m304 [0m1.318 ms - -[0m
[0mGET /static/css/app.fadb1592e108cb80770fe34a5659221d.css [36m304 [0m2.050 ms - -[0m
[0mGET /static/js/manifest.3ad1d5771e9b13dbdad2.js [36m304 [0m0.763 ms - -[0m
[0mGET /static/js/vendor.4d09085d5142b51dddc7.js [36m304 [0m0.588 ms - -[0m
[0mGET /static/js/app.0b13ee2b055dbc7fa92f.js [36m304 [0m1.147 ms - -[0m
[0mGET /banner [32m200 [0m1073.005 ms - -[0m
[0mGET /static/img/icons.aef9bb0.png [36m304 [0m0.564 ms - -[0m
[0mGET /undefined [33m404 [0m1.193 ms - 160[0m
listening on port 4000
listening on port 5000
[0mGET / [36m304 [0m12.814 ms - -[0m
[0mGET /static/css/reset.css [36m304 [0m2.602 ms - -[0m
[0mGET /static/css/app.fadb1592e108cb80770fe34a5659221d.css [36m304 [0m1.649 ms - -[0m
[0mGET /static/js/manifest.3ad1d5771e9b13dbdad2.js [36m304 [0m0.438 ms - -[0m
[0mGET /static/js/vendor.4d09085d5142b51dddc7.js [36m304 [0m0.716 ms - -[0m
[0mGET /static/js/app.0b13ee2b055dbc7fa92f.js [36m304 [0m1.504 ms - -[0m
[0mGET /static/img/icons.aef9bb0.png [36m304 [0m0.502 ms - -[0m
[0mGET /undefined [33m404 [0m398.715 ms - 160[0m
